Build started 28/09/2020 13:55:26.
     1>Project "D:\GitHub\aStarPathFinding\aStarPathFinding\aStarPathFinding.vcxproj" on node 2 (Build target(s)).
     1>ClCompile:
         C:\Program Files (x86)\Microsoft Visual Studio 11.0\VC\bin\CL.exe /c /I"D:\SFML-2.4.0(Win32 - Visual Studio 2012)/include" /ZI /nologo /W3 /WX- /Od /Oy- /D WIN32 /D _DEBUG /D _CONSOLE /D _UNICODE /D UNICODE /Gm /EHsc /RTC1 /MDd /GS /fp:precise /Zc:wchar_t /Zc:forScope /Fo"Debug\\" /Fd"Debug\vc110.pdb" /Gd /TP /analyze- /errorReport:prompt pathFinding.cpp
         pathFinding.cpp
     1>d:\github\astarpathfinding\astarpathfinding\pathfinding.cpp(59): warning C4018: '<' : signed/unsigned mismatch
     1>d:\github\astarpathfinding\astarpathfinding\pathfinding.cpp(62): error C3867: 'std::list<_Ty>::begin': function call missing argument list; use '&std::list<_Ty>::begin' to create a pointer to member
                 with
                 [
                     _Ty=node *
                 ]
     1>d:\github\astarpathfinding\astarpathfinding\pathfinding.cpp(62): error C3867: 'std::list<_Ty>::end': function call missing argument list; use '&std::list<_Ty>::end' to create a pointer to member
                 with
                 [
                     _Ty=node *
                 ]
     1>d:\github\astarpathfinding\astarpathfinding\pathfinding.cpp(64): error C3867: 'std::list<_Ty>::begin': function call missing argument list; use '&std::list<_Ty>::begin' to create a pointer to member
                 with
                 [
                     _Ty=node *
                 ]
     1>d:\github\astarpathfinding\astarpathfinding\pathfinding.cpp(64): error C3867: 'std::list<_Ty>::end': function call missing argument list; use '&std::list<_Ty>::end' to create a pointer to member
                 with
                 [
                     _Ty=node *
                 ]
     1>d:\github\astarpathfinding\astarpathfinding\pathfinding.cpp(83): error C3867: 'std::list<_Ty>::begin': function call missing argument list; use '&std::list<_Ty>::begin' to create a pointer to member
                 with
                 [
                     _Ty=node *
                 ]
     1>d:\github\astarpathfinding\astarpathfinding\pathfinding.cpp(83): error C3867: 'std::list<_Ty>::end': function call missing argument list; use '&std::list<_Ty>::end' to create a pointer to member
                 with
                 [
                     _Ty=node *
                 ]
     1>Done Building Project "D:\GitHub\aStarPathFinding\aStarPathFinding\aStarPathFinding.vcxproj" (Build target(s)) -- FAILED.

Build FAILED.

Time Elapsed 00:00:01.00
